2025-04-08 19:10:09.642095 - Received CBT.V508.FILE1058.PDS from FILE1058.XMI 
2025-04-08 19:10:09.656322 - Found IHEABND.bin (application/octet-stream) in CBT.V508.FILE1058.PDS, moved to PDS/IHEABND
2025-04-08 19:10:09.657869 - Found IHEABU0.bin (application/octet-stream) in CBT.V508.FILE1058.PDS, moved to PDS/IHEABU0
2025-04-08 19:10:09.659195 - Found IHEABV0.bin (application/octet-stream) in CBT.V508.FILE1058.PDS, moved to PDS/IHEABV0
2025-04-08 19:10:09.660678 - Found IHEABW0.bin (application/octet-stream) in CBT.V508.FILE1058.PDS, moved to PDS/IHEABW0
2025-04-08 19:10:09.662150 - Found IHEABZ0.bin (application/octet-stream) in CBT.V508.FILE1058.PDS, moved to PDS/IHEABZ0
2025-04-08 19:10:09.663770 - Found IHEADD0.bin (application/octet-stream) in CBT.V508.FILE1058.PDS, moved to PDS/IHEADD0
2025-04-08 19:10:09.665230 - Found IHEADV0.bin (application/octet-stream) in CBT.V508.FILE1058.PDS, moved to PDS/IHEADV0
2025-04-08 19:10:09.666678 - Found IHEAPDA.bin (application/octet-stream) in CBT.V508.FILE1058.PDS, moved to PDS/IHEAPDA
2025-04-08 19:10:09.667223 - Found alias IHEAPDB to IHEAPDA in CBT.V508.FILE1058.PDS, moved to PDS/IHEAPDB
2025-04-08 19:10:09.667677 - Found alias IHEATL1 to IHEATL4 in CBT.V508.FILE1058.PDS, moved to PDS/IHEATL1
2025-04-08 19:10:09.668271 - Found alias IHEATL2 to IHEATL4 in CBT.V508.FILE1058.PDS, moved to PDS/IHEATL2
2025-04-08 19:10:09.668716 - Found alias IHEATL3 to IHEATL4 in CBT.V508.FILE1058.PDS, moved to PDS/IHEATL3
2025-04-08 19:10:09.670338 - Found IHEATL4.bin (application/octet-stream) in CBT.V508.FILE1058.PDS, moved to PDS/IHEATL4
2025-04-08 19:10:09.671839 - Found IHEATS1.bin (application/octet-stream) in CBT.V508.FILE1058.PDS, moved to PDS/IHEATS1
2025-04-08 19:10:09.672483 - Found alias IHEATS2 to IHEATS1 in CBT.V508.FILE1058.PDS, moved to PDS/IHEATS2
2025-04-08 19:10:09.672958 - Found alias IHEATS3 to IHEATS1 in CBT.V508.FILE1058.PDS, moved to PDS/IHEATS3
2025-04-08 19:10:09.673395 - Found alias IHEATS4 to IHEATS1 in CBT.V508.FILE1058.PDS, moved to PDS/IHEATS4
2025-04-08 19:10:09.674021 - Found alias IHEATWH to IHEATWN in CBT.V508.FILE1058.PDS, moved to PDS/IHEATWH
2025-04-08 19:10:09.675321 - Found IHEATWN.bin (application/octet-stream) in CBT.V508.FILE1058.PDS, moved to PDS/IHEATWN
2025-04-08 19:10:09.675809 - Found alias IHEATZH to IHEATZN in CBT.V508.FILE1058.PDS, moved to PDS/IHEATZH
2025-04-08 19:10:09.677363 - Found IHEATZN.bin (application/octet-stream) in CBT.V508.FILE1058.PDS, moved to PDS/IHEATZN
2025-04-08 19:10:09.677894 - Found alias IHEBEGA to IHEBEGN in CBT.V508.FILE1058.PDS, moved to PDS/IHEBEGA
2025-04-08 19:10:09.679214 - Found IHEBEGN.bin (application/octet-stream) in CBT.V508.FILE1058.PDS, moved to PDS/IHEBEGN
2025-04-08 19:10:09.680657 - Found IHEBSA0.bin (application/octet-stream) in CBT.V508.FILE1058.PDS, moved to PDS/IHEBSA0
2025-04-08 19:10:09.682043 - Found IHEBSC0.bin (application/octet-stream) in CBT.V508.FILE1058.PDS, moved to PDS/IHEBSC0
2025-04-08 19:10:09.683707 - Found IHEBSD0.bin (application/octet-stream) in CBT.V508.FILE1058.PDS, moved to PDS/IHEBSD0
2025-04-08 19:10:09.685007 - Found IHEBSF0.bin (application/octet-stream) in CBT.V508.FILE1058.PDS, moved to PDS/IHEBSF0
2025-04-08 19:10:09.686367 - Found IHEBSI0.bin (application/octet-stream) in CBT.V508.FILE1058.PDS, moved to PDS/IHEBSI0
2025-04-08 19:10:09.687012 - Found alias IHEBSKA to IHEBSKK in CBT.V508.FILE1058.PDS, moved to PDS/IHEBSKA
2025-04-08 19:10:09.688361 - Found IHEBSKK.bin (application/octet-stream) in CBT.V508.FILE1058.PDS, moved to PDS/IHEBSKK
2025-04-08 19:10:09.688885 - Found alias IHEBSKR to IHEBSKK in CBT.V508.FILE1058.PDS, moved to PDS/IHEBSKR
2025-04-08 19:10:09.690358 - Found IHEBSMF.bin (application/octet-stream) in CBT.V508.FILE1058.PDS, moved to PDS/IHEBSMF
2025-04-08 19:10:09.690886 - Found alias IHEBSMV to IHEBSMF in CBT.V508.FILE1058.PDS, moved to PDS/IHEBSMV
2025-04-08 19:10:09.691333 - Found alias IHEBSMZ to IHEBSMF in CBT.V508.FILE1058.PDS, moved to PDS/IHEBSMZ
2025-04-08 19:10:09.692874 - Found IHEBSN0.bin (application/octet-stream) in CBT.V508.FILE1058.PDS, moved to PDS/IHEBSN0
2025-04-08 19:10:09.697366 - Found IHEBSO0.bin (application/octet-stream) in CBT.V508.FILE1058.PDS, moved to PDS/IHEBSO0
2025-04-08 19:10:09.699055 - Found IHEBSS2.bin (application/octet-stream) in CBT.V508.FILE1058.PDS, moved to PDS/IHEBSS2
2025-04-08 19:10:09.699555 - Found alias IHEBSS3 to IHEBSS2 in CBT.V508.FILE1058.PDS, moved to PDS/IHEBSS3
2025-04-08 19:10:09.701170 - Found IHEBSTA.bin (application/octet-stream) in CBT.V508.FILE1058.PDS, moved to PDS/IHEBSTA
2025-04-08 19:10:09.702638 - Found IHEBSVA.bin (application/octet-stream) in CBT.V508.FILE1058.PDS, moved to PDS/IHEBSVA
2025-04-08 19:10:09.704250 - Found IHECFAA.bin (application/octet-stream) in CBT.V508.FILE1058.PDS, moved to PDS/IHECFAA
2025-04-08 19:10:09.705873 - Found IHECFBA.bin (application/octet-stream) in CBT.V508.FILE1058.PDS, moved to PDS/IHECFBA
2025-04-08 19:10:09.707517 - Found IHECFCA.bin (application/octet-stream) in CBT.V508.FILE1058.PDS, moved to PDS/IHECFCA
2025-04-08 19:10:09.708091 - Found alias IHECKPS to IHECKPT in CBT.V508.FILE1058.PDS, moved to PDS/IHECKPS
2025-04-08 19:10:09.709349 - Found IHECKPT.bin (application/octet-stream) in CBT.V508.FILE1058.PDS, moved to PDS/IHECKPT
2025-04-08 19:10:09.710843 - Found IHECLSA.bin (application/octet-stream) in CBT.V508.FILE1058.PDS, moved to PDS/IHECLSA
2025-04-08 19:10:09.712404 - Found IHECLTA.bin (application/octet-stream) in CBT.V508.FILE1058.PDS, moved to PDS/IHECLTA
2025-04-08 19:10:09.713079 - Found alias IHECLTB to IHECLTA in CBT.V508.FILE1058.PDS, moved to PDS/IHECLTB
2025-04-08 19:10:09.714945 - Found IHECNTA.bin (application/octet-stream) in CBT.V508.FILE1058.PDS, moved to PDS/IHECNTA
2025-04-08 19:10:09.715646 - Found alias IHECNTB to IHECNTA in CBT.V508.FILE1058.PDS, moved to PDS/IHECNTB
2025-04-08 19:10:09.717144 - Found IHECSC0.bin (application/octet-stream) in CBT.V508.FILE1058.PDS, moved to PDS/IHECSC0
2025-04-08 19:10:09.718627 - Found IHECSI0.bin (application/octet-stream) in CBT.V508.FILE1058.PDS, moved to PDS/IHECSI0
2025-04-08 19:10:09.720259 - Found IHECSKK.bin (application/octet-stream) in CBT.V508.FILE1058.PDS, moved to PDS/IHECSKK
2025-04-08 19:10:09.720863 - Found alias IHECSKR to IHECSKK in CBT.V508.FILE1058.PDS, moved to PDS/IHECSKR
2025-04-08 19:10:09.721370 - Found alias IHECSMB to IHECSMF in CBT.V508.FILE1058.PDS, moved to PDS/IHECSMB
2025-04-08 19:10:09.722874 - Found IHECSMF.bin (application/octet-stream) in CBT.V508.FILE1058.PDS, moved to PDS/IHECSMF
2025-04-08 19:10:09.723620 - Found alias IHECSMH to IHECSMF in CBT.V508.FILE1058.PDS, moved to PDS/IHECSMH
2025-04-08 19:10:09.724094 - Found alias IHECSML to IHECSMF in CBT.V508.FILE1058.PDS, moved to PDS/IHECSML
2025-04-08 19:10:09.724587 - Found alias IHECSMV to IHECSMF in CBT.V508.FILE1058.PDS, moved to PDS/IHECSMV
2025-04-08 19:10:09.726123 - Found IHECSS2.bin (application/octet-stream) in CBT.V508.FILE1058.PDS, moved to PDS/IHECSS2
2025-04-08 19:10:09.726627 - Found alias IHECSS3 to IHECSS2 in CBT.V508.FILE1058.PDS, moved to PDS/IHECSS3
2025-04-08 19:10:09.727943 - Found IHECSTA.bin (application/octet-stream) in CBT.V508.FILE1058.PDS, moved to PDS/IHECSTA
2025-04-08 19:10:09.729432 - Found IHECSVA.bin (application/octet-stream) in CBT.V508.FILE1058.PDS, moved to PDS/IHECSVA
2025-04-08 19:10:09.730980 - Found IHECTTA.bin (application/octet-stream) in CBT.V508.FILE1058.PDS, moved to PDS/IHECTTA
2025-04-08 19:10:09.731638 - Found alias IHECTTB to IHECTTA in CBT.V508.FILE1058.PDS, moved to PDS/IHECTTB
2025-04-08 19:10:09.732098 - Found alias IHECTTC to IHECTTA in CBT.V508.FILE1058.PDS, moved to PDS/IHECTTC
2025-04-08 19:10:09.732606 - Found alias IHEDBN to IHEDBNA in CBT.V508.FILE1058.PDS, moved to PDS/IHEDBN
2025-04-08 19:10:09.734346 - Found IHEDBNA.bin (application/octet-stream) in CBT.V508.FILE1058.PDS, moved to PDS/IHEDBNA
2025-04-08 19:10:09.735056 - Found alias IHEDCN to IHEDCNA in CBT.V508.FILE1058.PDS, moved to PDS/IHEDCN
2025-04-08 19:10:09.736506 - Found IHEDCNA.bin (application/octet-stream) in CBT.V508.FILE1058.PDS, moved to PDS/IHEDCNA
2025-04-08 19:10:09.736994 - Found alias IHEDCNB to IHEDCNA in CBT.V508.FILE1058.PDS, moved to PDS/IHEDCNB
2025-04-08 19:10:09.738515 - Found IHEDDIA.bin (application/octet-stream) in CBT.V508.FILE1058.PDS, moved to PDS/IHEDDIA
2025-04-08 19:10:09.739072 - Found alias IHEDDIB to IHEDDIA in CBT.V508.FILE1058.PDS, moved to PDS/IHEDDIB
2025-04-08 19:10:09.739688 - Found alias IHEDDJ to IHEDDJA in CBT.V508.FILE1058.PDS, moved to PDS/IHEDDJ
2025-04-08 19:10:09.741201 - Found IHEDDJA.bin (application/octet-stream) in CBT.V508.FILE1058.PDS, moved to PDS/IHEDDJA
2025-04-08 19:10:09.741723 - Found alias IHEDDO to IHEDDOA in CBT.V508.FILE1058.PDS, moved to PDS/IHEDDO
2025-04-08 19:10:09.743348 - Found IHEDDOA.bin (application/octet-stream) in CBT.V508.FILE1058.PDS, moved to PDS/IHEDDOA
2025-04-08 19:10:09.743881 - Found alias IHEDDOB to IHEDDOA in CBT.V508.FILE1058.PDS, moved to PDS/IHEDDOB
2025-04-08 19:10:09.744399 - Found alias IHEDDOC to IHEDDOA in CBT.V508.FILE1058.PDS, moved to PDS/IHEDDOC
2025-04-08 19:10:09.745056 - Found alias IHEDDOD to IHEDDOA in CBT.V508.FILE1058.PDS, moved to PDS/IHEDDOD
2025-04-08 19:10:09.745630 - Found alias IHEDDOE to IHEDDOA in CBT.V508.FILE1058.PDS, moved to PDS/IHEDDOE
2025-04-08 19:10:09.746348 - Found alias IHEDDP to IHEDDPA in CBT.V508.FILE1058.PDS, moved to PDS/IHEDDP
2025-04-08 19:10:09.747780 - Found IHEDDPA.bin (application/octet-stream) in CBT.V508.FILE1058.PDS, moved to PDS/IHEDDPA
2025-04-08 19:10:09.748436 - Found alias IHEDDPB to IHEDDPA in CBT.V508.FILE1058.PDS, moved to PDS/IHEDDPB
2025-04-08 19:10:09.748898 - Found alias IHEDDPC to IHEDDPA in CBT.V508.FILE1058.PDS, moved to PDS/IHEDDPC
2025-04-08 19:10:09.749374 - Found alias IHEDDPD to IHEDDPA in CBT.V508.FILE1058.PDS, moved to PDS/IHEDDPD
2025-04-08 19:10:09.749991 - Found alias IHEDDT to IHEDDTA in CBT.V508.FILE1058.PDS, moved to PDS/IHEDDT
2025-04-08 19:10:09.751594 - Found IHEDDTA.bin (application/octet-stream) in CBT.V508.FILE1058.PDS, moved to PDS/IHEDDTA
2025-04-08 19:10:09.752129 - Found alias IHEDDTB to IHEDDTA in CBT.V508.FILE1058.PDS, moved to PDS/IHEDDTB
2025-04-08 19:10:09.752579 - Found alias IHEDDTC to IHEDDTA in CBT.V508.FILE1058.PDS, moved to PDS/IHEDDTC
2025-04-08 19:10:09.753073 - Found alias IHEDDTD to IHEDDTA in CBT.V508.FILE1058.PDS, moved to PDS/IHEDDTD
2025-04-08 19:10:09.753542 - Found alias IHEDDTE to IHEDDTA in CBT.V508.FILE1058.PDS, moved to PDS/IHEDDTE
2025-04-08 19:10:09.754013 - Found alias IHEDIA to IHEDIAA in CBT.V508.FILE1058.PDS, moved to PDS/IHEDIA
2025-04-08 19:10:09.755835 - Found IHEDIAA.bin (application/octet-stream) in CBT.V508.FILE1058.PDS, moved to PDS/IHEDIAA
2025-04-08 19:10:09.756485 - Found alias IHEDIAB to IHEDIAA in CBT.V508.FILE1058.PDS, moved to PDS/IHEDIAB
2025-04-08 19:10:09.758031 - Found IHEDIBA.bin (application/octet-stream) in CBT.V508.FILE1058.PDS, moved to PDS/IHEDIBA
2025-04-08 19:10:09.758694 - Found alias IHEDIBB to IHEDIBA in CBT.V508.FILE1058.PDS, moved to PDS/IHEDIBB
2025-04-08 19:10:09.760212 - Found IHEDIDA.bin (application/octet-stream) in CBT.V508.FILE1058.PDS, moved to PDS/IHEDIDA
2025-04-08 19:10:09.760818 - Found alias IHEDIE to IHEDIEA in CBT.V508.FILE1058.PDS, moved to PDS/IHEDIE
2025-04-08 19:10:09.762497 - Found IHEDIEA.bin (application/octet-stream) in CBT.V508.FILE1058.PDS, moved to PDS/IHEDIEA
2025-04-08 19:10:09.763873 - Found IHEDILA.bin (application/octet-stream) in CBT.V508.FILE1058.PDS, moved to PDS/IHEDILA
2025-04-08 19:10:09.764537 - Found alias IHEDILB to IHEDILA in CBT.V508.FILE1058.PDS, moved to PDS/IHEDILB
2025-04-08 19:10:09.766206 - Found IHEDIMA.bin (application/octet-stream) in CBT.V508.FILE1058.PDS, moved to PDS/IHEDIMA
2025-04-08 19:10:09.766719 - Found alias IHEDMA to IHEDMAA in CBT.V508.FILE1058.PDS, moved to PDS/IHEDMA
2025-04-08 19:10:09.768214 - Found IHEDMAA.bin (application/octet-stream) in CBT.V508.FILE1058.PDS, moved to PDS/IHEDMAA
2025-04-08 19:10:09.768951 - Found alias IHEDNB to IHEDNBA in CBT.V508.FILE1058.PDS, moved to PDS/IHEDNB
2025-04-08 19:10:09.770442 - Found IHEDNBA.bin (application/octet-stream) in CBT.V508.FILE1058.PDS, moved to PDS/IHEDNBA
2025-04-08 19:10:09.770943 - Found alias IHEDNC to IHEDNCA in CBT.V508.FILE1058.PDS, moved to PDS/IHEDNC
2025-04-08 19:10:09.772667 - Found IHEDNCA.bin (application/octet-stream) in CBT.V508.FILE1058.PDS, moved to PDS/IHEDNCA
2025-04-08 19:10:09.773159 - Found alias IHEDOA to IHEDOAA in CBT.V508.FILE1058.PDS, moved to PDS/IHEDOA
2025-04-08 19:10:09.774937 - Found IHEDOAA.bin (application/octet-stream) in CBT.V508.FILE1058.PDS, moved to PDS/IHEDOAA
2025-04-08 19:10:09.775696 - Found alias IHEDOAB to IHEDOAA in CBT.V508.FILE1058.PDS, moved to PDS/IHEDOAB
2025-04-08 19:10:09.777306 - Found IHEDOBA.bin (application/octet-stream) in CBT.V508.FILE1058.PDS, moved to PDS/IHEDOBA
2025-04-08 19:10:09.777855 - Found alias IHEDOBB to IHEDOBA in CBT.V508.FILE1058.PDS, moved to PDS/IHEDOBB
2025-04-08 19:10:09.778324 - Found alias IHEDOBC to IHEDOBA in CBT.V508.FILE1058.PDS, moved to PDS/IHEDOBC
2025-04-08 19:10:09.779910 - Found IHEDODA.bin (application/octet-stream) in CBT.V508.FILE1058.PDS, moved to PDS/IHEDODA
2025-04-08 19:10:09.780404 - Found alias IHEDODB to IHEDODA in CBT.V508.FILE1058.PDS, moved to PDS/IHEDODB
2025-04-08 19:10:09.780894 - Found alias IHEDOE to IHEDOEA in CBT.V508.FILE1058.PDS, moved to PDS/IHEDOE
2025-04-08 19:10:09.782479 - Found IHEDOEA.bin (application/octet-stream) in CBT.V508.FILE1058.PDS, moved to PDS/IHEDOEA
2025-04-08 19:10:09.783960 - Found IHEDOMA.bin (application/octet-stream) in CBT.V508.FILE1058.PDS, moved to PDS/IHEDOMA
2025-04-08 19:10:09.785335 - Found IHEDSPA.bin (application/octet-stream) in CBT.V508.FILE1058.PDS, moved to PDS/IHEDSPA
2025-04-08 19:10:09.785873 - Found alias IHEDUMC to IHEDUMP in CBT.V508.FILE1058.PDS, moved to PDS/IHEDUMC
2025-04-08 19:10:09.786368 - Found alias IHEDUMJ to IHEDUMP in CBT.V508.FILE1058.PDS, moved to PDS/IHEDUMJ
2025-04-08 19:10:09.787776 - Found IHEDUMP.bin (application/octet-stream) in CBT.V508.FILE1058.PDS, moved to PDS/IHEDUMP
2025-04-08 19:10:09.788382 - Found alias IHEDUMT to IHEDUMP in CBT.V508.FILE1058.PDS, moved to PDS/IHEDUMT
2025-04-08 19:10:09.789703 - Found IHEDVU0.bin (application/octet-stream) in CBT.V508.FILE1058.PDS, moved to PDS/IHEDVU0
2025-04-08 19:10:09.791029 - Found IHEDVV0.bin (application/octet-stream) in CBT.V508.FILE1058.PDS, moved to PDS/IHEDVV0
2025-04-08 19:10:09.792610 - Found IHEDZW0.bin (application/octet-stream) in CBT.V508.FILE1058.PDS, moved to PDS/IHEDZW0
2025-04-08 19:10:09.794165 - Found IHEDZZ0.bin (application/octet-stream) in CBT.V508.FILE1058.PDS, moved to PDS/IHEDZZ0
2025-04-08 19:10:09.795637 - Found IHEEFLC.bin (application/octet-stream) in CBT.V508.FILE1058.PDS, moved to PDS/IHEEFLC
2025-04-08 19:10:09.796170 - Found alias IHEEFLF to IHEEFLC in CBT.V508.FILE1058.PDS, moved to PDS/IHEEFLF
2025-04-08 19:10:09.796788 - Found alias IHEEFSC to IHEEFSF in CBT.V508.FILE1058.PDS, moved to PDS/IHEEFSC
2025-04-08 19:10:09.798124 - Found IHEEFSF.bin (application/octet-stream) in CBT.V508.FILE1058.PDS, moved to PDS/IHEEFSF
2025-04-08 19:10:09.799488 - Found IHEERDA.bin (application/octet-stream) in CBT.V508.FILE1058.PDS, moved to PDS/IHEERDA
2025-04-08 19:10:09.800972 - Found IHEEREA.bin (application/octet-stream) in CBT.V508.FILE1058.PDS, moved to PDS/IHEEREA
2025-04-08 19:10:09.802356 - Found IHEERIA.bin (application/octet-stream) in CBT.V508.FILE1058.PDS, moved to PDS/IHEERIA
2025-04-08 19:10:09.803924 - Found IHEERNA.bin (application/octet-stream) in CBT.V508.FILE1058.PDS, moved to PDS/IHEERNA
2025-04-08 19:10:09.805255 - Found IHEEROA.bin (application/octet-stream) in CBT.V508.FILE1058.PDS, moved to PDS/IHEEROA
2025-04-08 19:10:09.806877 - Found IHEERPA.bin (application/octet-stream) in CBT.V508.FILE1058.PDS, moved to PDS/IHEERPA
2025-04-08 19:10:09.808201 - Found IHEERRA.bin (application/octet-stream) in CBT.V508.FILE1058.PDS, moved to PDS/IHEERRA
2025-04-08 19:10:09.808940 - Found alias IHEERRB to IHEERRA in CBT.V508.FILE1058.PDS, moved to PDS/IHEERRB
2025-04-08 19:10:09.809421 - Found alias IHEERRC to IHEERRA in CBT.V508.FILE1058.PDS, moved to PDS/IHEERRC
2025-04-08 19:10:09.810014 - Found alias IHEERRD to IHEERRA in CBT.V508.FILE1058.PDS, moved to PDS/IHEERRD
2025-04-08 19:10:09.811403 - Found IHEERSA.bin (application/octet-stream) in CBT.V508.FILE1058.PDS, moved to PDS/IHEERSA
2025-04-08 19:10:09.812093 - Found alias IHEERSB to IHEERSA in CBT.V508.FILE1058.PDS, moved to PDS/IHEERSB
2025-04-08 19:10:09.813565 - Found IHEERTA.bin (application/octet-stream) in CBT.V508.FILE1058.PDS, moved to PDS/IHEERTA
2025-04-08 19:10:09.815280 - Found IHEESMA.bin (application/octet-stream) in CBT.V508.FILE1058.PDS, moved to PDS/IHEESMA
2025-04-08 19:10:09.815937 - Found alias IHEESMB to IHEESMA in CBT.V508.FILE1058.PDS, moved to PDS/IHEESMB
2025-04-08 19:10:09.817589 - Found IHEESSA.bin (application/octet-stream) in CBT.V508.FILE1058.PDS, moved to PDS/IHEESSA
2025-04-08 19:10:09.818314 - Found alias IHEESSB to IHEESSA in CBT.V508.FILE1058.PDS, moved to PDS/IHEESSB
2025-04-08 19:10:09.819745 - Found IHEEXL0.bin (application/octet-stream) in CBT.V508.FILE1058.PDS, moved to PDS/IHEEXL0
2025-04-08 19:10:09.821282 - Found IHEEXS0.bin (application/octet-stream) in CBT.V508.FILE1058.PDS, moved to PDS/IHEEXS0
2025-04-08 19:10:09.822822 - Found IHEEXW0.bin (application/octet-stream) in CBT.V508.FILE1058.PDS, moved to PDS/IHEEXW0
2025-04-08 19:10:09.824194 - Found IHEEXZ0.bin (application/octet-stream) in CBT.V508.FILE1058.PDS, moved to PDS/IHEEXZ0
2025-04-08 19:10:09.825861 - Found IHEGSP01.bin (application/octet-stream) in CBT.V508.FILE1058.PDS, moved to PDS/IHEGSP01
2025-04-08 19:10:09.827552 - Found IHEGSP02.bin (application/octet-stream) in CBT.V508.FILE1058.PDS, moved to PDS/IHEGSP02
2025-04-08 19:10:09.829004 - Found IHEGSP03.bin (application/octet-stream) in CBT.V508.FILE1058.PDS, moved to PDS/IHEGSP03
2025-04-08 19:10:09.830587 - Found IHEHTL0.bin (application/octet-stream) in CBT.V508.FILE1058.PDS, moved to PDS/IHEHTL0
2025-04-08 19:10:09.832073 - Found IHEHTS0.bin (application/octet-stream) in CBT.V508.FILE1058.PDS, moved to PDS/IHEHTS0
2025-04-08 19:10:09.833454 - Found IHEIBTA.bin (application/octet-stream) in CBT.V508.FILE1058.PDS, moved to PDS/IHEIBTA
2025-04-08 19:10:09.834182 - Found alias IHEIBTB to IHEIBTA in CBT.V508.FILE1058.PDS, moved to PDS/IHEIBTB
2025-04-08 19:10:09.834813 - Found alias IHEIBTC to IHEIBTA in CBT.V508.FILE1058.PDS, moved to PDS/IHEIBTC
2025-04-08 19:10:09.835311 - Found alias IHEIBTD to IHEIBTA in CBT.V508.FILE1058.PDS, moved to PDS/IHEIBTD
2025-04-08 19:10:09.835985 - Found alias IHEIBTE to IHEIBTA in CBT.V508.FILE1058.PDS, moved to PDS/IHEIBTE
2025-04-08 19:10:09.837534 - Found IHEIGTA.bin (application/octet-stream) in CBT.V508.FILE1058.PDS, moved to PDS/IHEIGTA
2025-04-08 19:10:09.838849 - Found IHEINTA.bin (application/octet-stream) in CBT.V508.FILE1058.PDS, moved to PDS/IHEINTA
2025-04-08 19:10:09.840542 - Found IHEIOAA.bin (application/octet-stream) in CBT.V508.FILE1058.PDS, moved to PDS/IHEIOAA
2025-04-08 19:10:09.841101 - Found alias IHEIOAB to IHEIOAA in CBT.V508.FILE1058.PDS, moved to PDS/IHEIOAB
2025-04-08 19:10:09.841745 - Found alias IHEIOAC to IHEIOAA in CBT.V508.FILE1058.PDS, moved to PDS/IHEIOAC
2025-04-08 19:10:09.842236 - Found alias IHEIOAD to IHEIOAA in CBT.V508.FILE1058.PDS, moved to PDS/IHEIOAD
2025-04-08 19:10:09.843877 - Found IHEIOBA.bin (application/octet-stream) in CBT.V508.FILE1058.PDS, moved to PDS/IHEIOBA
2025-04-08 19:10:09.844531 - Found alias IHEIOBB to IHEIOBA in CBT.V508.FILE1058.PDS, moved to PDS/IHEIOBB
2025-04-08 19:10:09.844998 - Found alias IHEIOBC to IHEIOBA in CBT.V508.FILE1058.PDS, moved to PDS/IHEIOBC
2025-04-08 19:10:09.845612 - Found alias IHEIOBD to IHEIOBA in CBT.V508.FILE1058.PDS, moved to PDS/IHEIOBD
2025-04-08 19:10:09.846112 - Found alias IHEIOBE to IHEIOBA in CBT.V508.FILE1058.PDS, moved to PDS/IHEIOBE
2025-04-08 19:10:09.847727 - Found IHEIOCA.bin (application/octet-stream) in CBT.V508.FILE1058.PDS, moved to PDS/IHEIOCA
2025-04-08 19:10:09.848257 - Found alias IHEIOCB to IHEIOCA in CBT.V508.FILE1058.PDS, moved to PDS/IHEIOCB
2025-04-08 19:10:09.848737 - Found alias IHEIOCC to IHEIOCA in CBT.V508.FILE1058.PDS, moved to PDS/IHEIOCC
2025-04-08 19:10:09.850250 - Found IHEIODG.bin (application/octet-stream) in CBT.V508.FILE1058.PDS, moved to PDS/IHEIODG
2025-04-08 19:10:09.850925 - Found alias IHEIODP to IHEIODG in CBT.V508.FILE1058.PDS, moved to PDS/IHEIODP
2025-04-08 19:10:09.852438 - Found IHEIOFA.bin (application/octet-stream) in CBT.V508.FILE1058.PDS, moved to PDS/IHEIOFA
2025-04-08 19:10:09.853839 - Found IHEIOGA.bin (application/octet-stream) in CBT.V508.FILE1058.PDS, moved to PDS/IHEIOGA
2025-04-08 19:10:09.855333 - Found IHEIONA.bin (application/octet-stream) in CBT.V508.FILE1058.PDS, moved to PDS/IHEIONA
2025-04-08 19:10:09.856818 - Found IHEIOPA.bin (application/octet-stream) in CBT.V508.FILE1058.PDS, moved to PDS/IHEIOPA
2025-04-08 19:10:09.857484 - Found alias IHEIOPB to IHEIOPA in CBT.V508.FILE1058.PDS, moved to PDS/IHEIOPB
2025-04-08 19:10:09.857951 - Found alias IHEIOPC to IHEIOPA in CBT.V508.FILE1058.PDS, moved to PDS/IHEIOPC
2025-04-08 19:10:09.859567 - Found IHEIOXA.bin (application/octet-stream) in CBT.V508.FILE1058.PDS, moved to PDS/IHEIOXA
2025-04-08 19:10:09.860124 - Found alias IHEIOXB to IHEIOXA in CBT.V508.FILE1058.PDS, moved to PDS/IHEIOXB
2025-04-08 19:10:09.860658 - Found alias IHEIOXC to IHEIOXA in CBT.V508.FILE1058.PDS, moved to PDS/IHEIOXC
2025-04-08 19:10:09.862328 - Found IHEITBA.bin (application/octet-stream) in CBT.V508.FILE1058.PDS, moved to PDS/IHEITBA
2025-04-08 19:10:09.863713 - Found IHEITCA.bin (application/octet-stream) in CBT.V508.FILE1058.PDS, moved to PDS/IHEITCA
2025-04-08 19:10:09.865160 - Found IHEITDA.bin (application/octet-stream) in CBT.V508.FILE1058.PDS, moved to PDS/IHEITDA
2025-04-08 19:10:09.866987 - Found IHEITEA.bin (application/octet-stream) in CBT.V508.FILE1058.PDS, moved to PDS/IHEITEA
2025-04-08 19:10:09.868603 - Found IHEITFA.bin (application/octet-stream) in CBT.V508.FILE1058.PDS, moved to PDS/IHEITFA
2025-04-08 19:10:09.870122 - Found IHEITGA.bin (application/octet-stream) in CBT.V508.FILE1058.PDS, moved to PDS/IHEITGA
2025-04-08 19:10:09.871519 - Found IHEITHA.bin (application/octet-stream) in CBT.V508.FILE1058.PDS, moved to PDS/IHEITHA
2025-04-08 19:10:09.872859 - Found IHEITJA.bin (application/octet-stream) in CBT.V508.FILE1058.PDS, moved to PDS/IHEITJA
2025-04-08 19:10:09.874211 - Found IHEITKA.bin (application/octet-stream) in CBT.V508.FILE1058.PDS, moved to PDS/IHEITKA
2025-04-08 19:10:09.875696 - Found IHEITLA.bin (application/octet-stream) in CBT.V508.FILE1058.PDS, moved to PDS/IHEITLA
2025-04-08 19:10:09.877137 - Found IHEITMA.bin (application/octet-stream) in CBT.V508.FILE1058.PDS, moved to PDS/IHEITMA
2025-04-08 19:10:09.878614 - Found IHEITNA.bin (application/octet-stream) in CBT.V508.FILE1058.PDS, moved to PDS/IHEITNA
2025-04-08 19:10:09.880164 - Found IHEITOA.bin (application/octet-stream) in CBT.V508.FILE1058.PDS, moved to PDS/IHEITOA
2025-04-08 19:10:09.881708 - Found IHEITPA.bin (application/octet-stream) in CBT.V508.FILE1058.PDS, moved to PDS/IHEITPA
2025-04-08 19:10:09.883048 - Found IHEJXII.bin (application/octet-stream) in CBT.V508.FILE1058.PDS, moved to PDS/IHEJXII
2025-04-08 19:10:09.883658 - Found alias IHEJXIY to IHEJXII in CBT.V508.FILE1058.PDS, moved to PDS/IHEJXIY
2025-04-08 19:10:09.884951 - Found IHEJXSI.bin (application/octet-stream) in CBT.V508.FILE1058.PDS, moved to PDS/IHEJXSI
2025-04-08 19:10:09.885637 - Found alias IHEJXSY to IHEJXSI in CBT.V508.FILE1058.PDS, moved to PDS/IHEJXSY
2025-04-08 19:10:09.886336 - Found alias IHEKCA to IHEKCAA in CBT.V508.FILE1058.PDS, moved to PDS/IHEKCA
2025-04-08 19:10:09.887923 - Found IHEKCAA.bin (application/octet-stream) in CBT.V508.FILE1058.PDS, moved to PDS/IHEKCAA
2025-04-08 19:10:09.888615 - Found alias IHEKCB to IHEKCBA in CBT.V508.FILE1058.PDS, moved to PDS/IHEKCB
2025-04-08 19:10:09.890224 - Found IHEKCBA.bin (application/octet-stream) in CBT.V508.FILE1058.PDS, moved to PDS/IHEKCBA
2025-04-08 19:10:09.890876 - Found alias IHEKCD to IHEKCDA in CBT.V508.FILE1058.PDS, moved to PDS/IHEKCD
2025-04-08 19:10:09.892324 - Found IHEKCDA.bin (application/octet-stream) in CBT.V508.FILE1058.PDS, moved to PDS/IHEKCDA
2025-04-08 19:10:09.892971 - Found alias IHEKCDB to IHEKCDA in CBT.V508.FILE1058.PDS, moved to PDS/IHEKCDB
2025-04-08 19:10:09.894714 - Found IHELDIA.bin (application/octet-stream) in CBT.V508.FILE1058.PDS, moved to PDS/IHELDIA
2025-04-08 19:10:09.895247 - Found alias IHELDIB to IHELDIA in CBT.V508.FILE1058.PDS, moved to PDS/IHELDIB
2025-04-08 19:10:09.895788 - Found alias IHELDIC to IHELDIA in CBT.V508.FILE1058.PDS, moved to PDS/IHELDIC
2025-04-08 19:10:09.896261 - Found alias IHELDID to IHELDIA in CBT.V508.FILE1058.PDS, moved to PDS/IHELDID
2025-04-08 19:10:09.897822 - Found IHELDOA.bin (application/octet-stream) in CBT.V508.FILE1058.PDS, moved to PDS/IHELDOA
2025-04-08 19:10:09.898336 - Found alias IHELDOB to IHELDOA in CBT.V508.FILE1058.PDS, moved to PDS/IHELDOB
2025-04-08 19:10:09.898972 - Found alias IHELDOC to IHELDOA in CBT.V508.FILE1058.PDS, moved to PDS/IHELDOC
2025-04-08 19:10:09.899444 - Found alias IHELNLD to IHELNL2 in CBT.V508.FILE1058.PDS, moved to PDS/IHELNLD
2025-04-08 19:10:09.900062 - Found alias IHELNLE to IHELNL2 in CBT.V508.FILE1058.PDS, moved to PDS/IHELNLE
2025-04-08 19:10:09.901580 - Found IHELNL2.bin (application/octet-stream) in CBT.V508.FILE1058.PDS, moved to PDS/IHELNL2
2025-04-08 19:10:09.902244 - Found alias IHELNSD to IHELNS2 in CBT.V508.FILE1058.PDS, moved to PDS/IHELNSD
2025-04-08 19:10:09.902721 - Found alias IHELNSE to IHELNS2 in CBT.V508.FILE1058.PDS, moved to PDS/IHELNSE
2025-04-08 19:10:09.904214 - Found IHELNS2.bin (application/octet-stream) in CBT.V508.FILE1058.PDS, moved to PDS/IHELNS2
2025-04-08 19:10:09.905804 - Found IHELNW0.bin (application/octet-stream) in CBT.V508.FILE1058.PDS, moved to PDS/IHELNW0
2025-04-08 19:10:09.907234 - Found IHELNZ0.bin (application/octet-stream) in CBT.V508.FILE1058.PDS, moved to PDS/IHELNZ0
2025-04-08 19:10:09.908746 - Found IHELSPA.bin (application/octet-stream) in CBT.V508.FILE1058.PDS, moved to PDS/IHELSPA
2025-04-08 19:10:09.909443 - Found alias IHELSPB to IHELSPA in CBT.V508.FILE1058.PDS, moved to PDS/IHELSPB
2025-04-08 19:10:09.910028 - Found alias IHELSPC to IHELSPA in CBT.V508.FILE1058.PDS, moved to PDS/IHELSPC
2025-04-08 19:10:09.910650 - Found alias IHELSPD to IHELSPA in CBT.V508.FILE1058.PDS, moved to PDS/IHELSPD
2025-04-08 19:10:09.911305 - Found alias IHELSPE to IHELSPA in CBT.V508.FILE1058.PDS, moved to PDS/IHELSPE
2025-04-08 19:10:09.913019 - Found IHELTTA.bin (application/octet-stream) in CBT.V508.FILE1058.PDS, moved to PDS/IHELTTA
2025-04-08 19:10:09.914410 - Found IHELTVA.bin (application/octet-stream) in CBT.V508.FILE1058.PDS, moved to PDS/IHELTVA
2025-04-08 19:10:09.916025 - Found IHEMAIN.bin (application/octet-stream) in CBT.V508.FILE1058.PDS, moved to PDS/IHEMAIN
2025-04-08 19:10:09.917390 - Found IHEMPU0.bin (application/octet-stream) in CBT.V508.FILE1058.PDS, moved to PDS/IHEMPU0
2025-04-08 19:10:09.918750 - Found IHEMPV0.bin (application/octet-stream) in CBT.V508.FILE1058.PDS, moved to PDS/IHEMPV0
2025-04-08 19:10:09.919444 - Found alias IHEMXBN to IHEMXBX in CBT.V508.FILE1058.PDS, moved to PDS/IHEMXBN
2025-04-08 19:10:09.920877 - Found IHEMXBX.bin (application/octet-stream) in CBT.V508.FILE1058.PDS, moved to PDS/IHEMXBX
2025-04-08 19:10:09.921512 - Found alias IHEMXDN to IHEMXDX in CBT.V508.FILE1058.PDS, moved to PDS/IHEMXDN
2025-04-08 19:10:09.922921 - Found IHEMXDX.bin (application/octet-stream) in CBT.V508.FILE1058.PDS, moved to PDS/IHEMXDX
2025-04-08 19:10:09.923453 - Found alias IHEMXLN to IHEMXLX in CBT.V508.FILE1058.PDS, moved to PDS/IHEMXLN
2025-04-08 19:10:09.924923 - Found IHEMXLX.bin (application/octet-stream) in CBT.V508.FILE1058.PDS, moved to PDS/IHEMXLX
2025-04-08 19:10:09.925648 - Found alias IHEMXSN to IHEMXSX in CBT.V508.FILE1058.PDS, moved to PDS/IHEMXSN
2025-04-08 19:10:09.927168 - Found IHEMXSX.bin (application/octet-stream) in CBT.V508.FILE1058.PDS, moved to PDS/IHEMXSX
2025-04-08 19:10:09.927903 - Found alias IHEMZUD to IHEMZUM in CBT.V508.FILE1058.PDS, moved to PDS/IHEMZUD
2025-04-08 19:10:09.929324 - Found IHEMZUM.bin (application/octet-stream) in CBT.V508.FILE1058.PDS, moved to PDS/IHEMZUM
2025-04-08 19:10:09.930007 - Found alias IHEMZVD to IHEMZVM in CBT.V508.FILE1058.PDS, moved to PDS/IHEMZVD
2025-04-08 19:10:09.931476 - Found IHEMZVM.bin (application/octet-stream) in CBT.V508.FILE1058.PDS, moved to PDS/IHEMZVM
2025-04-08 19:10:09.932979 - Found IHEMZW0.bin (application/octet-stream) in CBT.V508.FILE1058.PDS, moved to PDS/IHEMZW0
2025-04-08 19:10:09.934283 - Found IHEMZZ0.bin (application/octet-stream) in CBT.V508.FILE1058.PDS, moved to PDS/IHEMZZ0
2025-04-08 19:10:09.934860 - Found alias IHEM91 to IHEM91A in CBT.V508.FILE1058.PDS, moved to PDS/IHEM91
2025-04-08 19:10:09.936246 - Found IHEM91A.bin (application/octet-stream) in CBT.V508.FILE1058.PDS, moved to PDS/IHEM91A
2025-04-08 19:10:09.936831 - Found alias IHEM91B to IHEM91A in CBT.V508.FILE1058.PDS, moved to PDS/IHEM91B
2025-04-08 19:10:09.937425 - Found alias IHEM91C to IHEM91A in CBT.V508.FILE1058.PDS, moved to PDS/IHEM91C
2025-04-08 19:10:09.937916 - Found alias IHENL1A to IHENL1N in CBT.V508.FILE1058.PDS, moved to PDS/IHENL1A
2025-04-08 19:10:09.938413 - Found alias IHENL1L to IHENL1N in CBT.V508.FILE1058.PDS, moved to PDS/IHENL1L
2025-04-08 19:10:09.939765 - Found IHENL1N.bin (application/octet-stream) in CBT.V508.FILE1058.PDS, moved to PDS/IHENL1N
2025-04-08 19:10:09.940305 - Found alias IHENL2A to IHENL2N in CBT.V508.FILE1058.PDS, moved to PDS/IHENL2A
2025-04-08 19:10:09.940929 - Found alias IHENL2L to IHENL2N in CBT.V508.FILE1058.PDS, moved to PDS/IHENL2L
2025-04-08 19:10:09.942469 - Found IHENL2N.bin (application/octet-stream) in CBT.V508.FILE1058.PDS, moved to PDS/IHENL2N
2025-04-08 19:10:09.943849 - Found IHEOCLA.bin (application/octet-stream) in CBT.V508.FILE1058.PDS, moved to PDS/IHEOCLA
2025-04-08 19:10:09.944454 - Found alias IHEOCLB to IHEOCLA in CBT.V508.FILE1058.PDS, moved to PDS/IHEOCLB
2025-04-08 19:10:09.944977 - Found alias IHEOCLC to IHEOCLA in CBT.V508.FILE1058.PDS, moved to PDS/IHEOCLC
2025-04-08 19:10:09.945467 - Found alias IHEOCLD to IHEOCLA in CBT.V508.FILE1058.PDS, moved to PDS/IHEOCLD
2025-04-08 19:10:09.946825 - Found IHEOCTA.bin (application/octet-stream) in CBT.V508.FILE1058.PDS, moved to PDS/IHEOCTA
2025-04-08 19:10:09.947568 - Found alias IHEOCTB to IHEOCTA in CBT.V508.FILE1058.PDS, moved to PDS/IHEOCTB
2025-04-08 19:10:09.948075 - Found alias IHEOCTC to IHEOCTA in CBT.V508.FILE1058.PDS, moved to PDS/IHEOCTC
2025-04-08 19:10:09.948688 - Found alias IHEOCTD to IHEOCTA in CBT.V508.FILE1058.PDS, moved to PDS/IHEOCTD
2025-04-08 19:10:09.950167 - Found IHEOPNA.bin (application/octet-stream) in CBT.V508.FILE1058.PDS, moved to PDS/IHEOPNA
2025-04-08 19:10:09.951673 - Found IHEOPOA.bin (application/octet-stream) in CBT.V508.FILE1058.PDS, moved to PDS/IHEOPOA
2025-04-08 19:10:09.953111 - Found IHEOPPA.bin (application/octet-stream) in CBT.V508.FILE1058.PDS, moved to PDS/IHEOPPA
2025-04-08 19:10:09.954689 - Found IHEOPQA.bin (application/octet-stream) in CBT.V508.FILE1058.PDS, moved to PDS/IHEOPQA
2025-04-08 19:10:09.956007 - Found IHEOPZA.bin (application/octet-stream) in CBT.V508.FILE1058.PDS, moved to PDS/IHEOPZA
2025-04-08 19:10:09.957448 - Found IHEOSDA.bin (application/octet-stream) in CBT.V508.FILE1058.PDS, moved to PDS/IHEOSDA
2025-04-08 19:10:09.958795 - Found IHEOSEA.bin (application/octet-stream) in CBT.V508.FILE1058.PDS, moved to PDS/IHEOSEA
2025-04-08 19:10:09.960072 - Found IHEOSIA.bin (application/octet-stream) in CBT.V508.FILE1058.PDS, moved to PDS/IHEOSIA
2025-04-08 19:10:09.961634 - Found IHEOSSA.bin (application/octet-stream) in CBT.V508.FILE1058.PDS, moved to PDS/IHEOSSA
2025-04-08 19:10:09.963077 - Found IHEOSTA.bin (application/octet-stream) in CBT.V508.FILE1058.PDS, moved to PDS/IHEOSTA
2025-04-08 19:10:09.964498 - Found IHEOSWA.bin (application/octet-stream) in CBT.V508.FILE1058.PDS, moved to PDS/IHEOSWA
2025-04-08 19:10:09.966039 - Found IHEPDF0.bin (application/octet-stream) in CBT.V508.FILE1058.PDS, moved to PDS/IHEPDF0
2025-04-08 19:10:09.967449 - Found IHEPDL0.bin (application/octet-stream) in CBT.V508.FILE1058.PDS, moved to PDS/IHEPDL0
2025-04-08 19:10:09.968853 - Found IHEPDS0.bin (application/octet-stream) in CBT.V508.FILE1058.PDS, moved to PDS/IHEPDS0
2025-04-08 19:10:09.970173 - Found IHEPDW0.bin (application/octet-stream) in CBT.V508.FILE1058.PDS, moved to PDS/IHEPDW0
2025-04-08 19:10:09.971564 - Found IHEPDX0.bin (application/octet-stream) in CBT.V508.FILE1058.PDS, moved to PDS/IHEPDX0
2025-04-08 19:10:09.973215 - Found IHEPDZ0.bin (application/octet-stream) in CBT.V508.FILE1058.PDS, moved to PDS/IHEPDZ0
2025-04-08 19:10:09.974794 - Found IHEPRDA.bin (application/octet-stream) in CBT.V508.FILE1058.PDS, moved to PDS/IHEPRDA
2025-04-08 19:10:09.976111 - Found IHEPRTA.bin (application/octet-stream) in CBT.V508.FILE1058.PDS, moved to PDS/IHEPRTA
2025-04-08 19:10:09.976698 - Found alias IHEPRTB to IHEPRTA in CBT.V508.FILE1058.PDS, moved to PDS/IHEPRTB
2025-04-08 19:10:09.978068 - Found IHEPSF0.bin (application/octet-stream) in CBT.V508.FILE1058.PDS, moved to PDS/IHEPSF0
2025-04-08 19:10:09.979563 - Found IHEPSL0.bin (application/octet-stream) in CBT.V508.FILE1058.PDS, moved to PDS/IHEPSL0
2025-04-08 19:10:09.980874 - Found IHEPSS0.bin (application/octet-stream) in CBT.V508.FILE1058.PDS, moved to PDS/IHEPSS0
2025-04-08 19:10:09.982492 - Found IHEPSW0.bin (application/octet-stream) in CBT.V508.FILE1058.PDS, moved to PDS/IHEPSW0
2025-04-08 19:10:09.983900 - Found IHEPSX0.bin (application/octet-stream) in CBT.V508.FILE1058.PDS, moved to PDS/IHEPSX0
2025-04-08 19:10:09.985370 - Found IHEPSZ0.bin (application/octet-stream) in CBT.V508.FILE1058.PDS, moved to PDS/IHEPSZ0
2025-04-08 19:10:09.987156 - Found IHEPTTA.bin (application/octet-stream) in CBT.V508.FILE1058.PDS, moved to PDS/IHEPTTA
2025-04-08 19:10:09.987928 - Found alias IHEPTTB to IHEPTTA in CBT.V508.FILE1058.PDS, moved to PDS/IHEPTTB
2025-04-08 19:10:09.988474 - Found alias IHERESN to IHEREST in CBT.V508.FILE1058.PDS, moved to PDS/IHERESN
2025-04-08 19:10:09.989956 - Found IHEREST.bin (application/octet-stream) in CBT.V508.FILE1058.PDS, moved to PDS/IHEREST
2025-04-08 19:10:09.990633 - Found alias IHESADA to IHESAPA in CBT.V508.FILE1058.PDS, moved to PDS/IHESADA
2025-04-08 19:10:09.992107 - Found IHESAPA.bin (application/octet-stream) in CBT.V508.FILE1058.PDS, moved to PDS/IHESAPA
2025-04-08 19:10:09.992793 - Found alias IHESAPB to IHESAPA in CBT.V508.FILE1058.PDS, moved to PDS/IHESAPB
2025-04-08 19:10:09.993304 - Found alias IHESAPC to IHESAPA in CBT.V508.FILE1058.PDS, moved to PDS/IHESAPC
2025-04-08 19:10:09.993840 - Found alias IHESAPD to IHESAPA in CBT.V508.FILE1058.PDS, moved to PDS/IHESAPD
2025-04-08 19:10:09.994342 - Found alias IHESHLC to IHESHLS in CBT.V508.FILE1058.PDS, moved to PDS/IHESHLC
2025-04-08 19:10:09.995778 - Found IHESHLS.bin (application/octet-stream) in CBT.V508.FILE1058.PDS, moved to PDS/IHESHLS
2025-04-08 19:10:09.996320 - Found alias IHESHSC to IHESHSS in CBT.V508.FILE1058.PDS, moved to PDS/IHESHSC
2025-04-08 19:10:09.997679 - Found IHESHSS.bin (application/octet-stream) in CBT.V508.FILE1058.PDS, moved to PDS/IHESHSS
2025-04-08 19:10:09.999179 - Found IHESIZE.bin (application/octet-stream) in CBT.V508.FILE1058.PDS, moved to PDS/IHESIZE
2025-04-08 19:10:10.000663 - Found IHESMF0.bin (application/octet-stream) in CBT.V508.FILE1058.PDS, moved to PDS/IHESMF0
2025-04-08 19:10:10.002116 - Found IHESMGC.bin (application/octet-stream) in CBT.V508.FILE1058.PDS, moved to PDS/IHESMGC
2025-04-08 19:10:10.002707 - Found alias IHESMGR to IHESMGC in CBT.V508.FILE1058.PDS, moved to PDS/IHESMGR
2025-04-08 19:10:10.004040 - Found IHESMHC.bin (application/octet-stream) in CBT.V508.FILE1058.PDS, moved to PDS/IHESMHC
2025-04-08 19:10:10.004603 - Found alias IHESMHR to IHESMHC in CBT.V508.FILE1058.PDS, moved to PDS/IHESMHR
2025-04-08 19:10:10.006138 - Found IHESMX0.bin (application/octet-stream) in CBT.V508.FILE1058.PDS, moved to PDS/IHESMX0
2025-04-08 19:10:10.006661 - Found alias IHESNLC to IHESNLK in CBT.V508.FILE1058.PDS, moved to PDS/IHESNLC
2025-04-08 19:10:10.008129 - Found IHESNLK.bin (application/octet-stream) in CBT.V508.FILE1058.PDS, moved to PDS/IHESNLK
2025-04-08 19:10:10.008674 - Found alias IHESNLS to IHESNLK in CBT.V508.FILE1058.PDS, moved to PDS/IHESNLS
2025-04-08 19:10:10.009164 - Found alias IHESNLZ to IHESNLK in CBT.V508.FILE1058.PDS, moved to PDS/IHESNLZ
2025-04-08 19:10:10.009633 - Found alias IHESNSC to IHESNSS in CBT.V508.FILE1058.PDS, moved to PDS/IHESNSC
2025-04-08 19:10:10.010102 - Found alias IHESNSK to IHESNSS in CBT.V508.FILE1058.PDS, moved to PDS/IHESNSK
2025-04-08 19:10:10.011692 - Found IHESNSS.bin (application/octet-stream) in CBT.V508.FILE1058.PDS, moved to PDS/IHESNSS
2025-04-08 19:10:10.012221 - Found alias IHESNSZ to IHESNSS in CBT.V508.FILE1058.PDS, moved to PDS/IHESNSZ
2025-04-08 19:10:10.012729 - Found alias IHESNWC to IHESNWK in CBT.V508.FILE1058.PDS, moved to PDS/IHESNWC
2025-04-08 19:10:10.014080 - Found IHESNWK.bin (application/octet-stream) in CBT.V508.FILE1058.PDS, moved to PDS/IHESNWK
2025-04-08 19:10:10.014781 - Found alias IHESNWS to IHESNWK in CBT.V508.FILE1058.PDS, moved to PDS/IHESNWS
2025-04-08 19:10:10.015432 - Found alias IHESNWZ to IHESNWK in CBT.V508.FILE1058.PDS, moved to PDS/IHESNWZ
2025-04-08 19:10:10.015913 - Found alias IHESNZC to IHESNZK in CBT.V508.FILE1058.PDS, moved to PDS/IHESNZC
2025-04-08 19:10:10.017448 - Found IHESNZK.bin (application/octet-stream) in CBT.V508.FILE1058.PDS, moved to PDS/IHESNZK
2025-04-08 19:10:10.017990 - Found alias IHESNZS to IHESNZK in CBT.V508.FILE1058.PDS, moved to PDS/IHESNZS
2025-04-08 19:10:10.018638 - Found alias IHESNZZ to IHESNZK in CBT.V508.FILE1058.PDS, moved to PDS/IHESNZZ
2025-04-08 19:10:10.020107 - Found IHESPRT.bin (application/octet-stream) in CBT.V508.FILE1058.PDS, moved to PDS/IHESPRT
2025-04-08 19:10:10.021621 - Found IHESQL0.bin (application/octet-stream) in CBT.V508.FILE1058.PDS, moved to PDS/IHESQL0
2025-04-08 19:10:10.023038 - Found IHESQS0.bin (application/octet-stream) in CBT.V508.FILE1058.PDS, moved to PDS/IHESQS0
2025-04-08 19:10:10.024328 - Found IHESQW0.bin (application/octet-stream) in CBT.V508.FILE1058.PDS, moved to PDS/IHESQW0
2025-04-08 19:10:10.025669 - Found IHESQZ0.bin (application/octet-stream) in CBT.V508.FILE1058.PDS, moved to PDS/IHESQZ0
2025-04-08 19:10:10.026988 - Found IHESRCA.bin (application/octet-stream) in CBT.V508.FILE1058.PDS, moved to PDS/IHESRCA
2025-04-08 19:10:10.027524 - Found alias IHESRCB to IHESRCA in CBT.V508.FILE1058.PDS, moved to PDS/IHESRCB
2025-04-08 19:10:10.028028 - Found alias IHESRCC to IHESRCA in CBT.V508.FILE1058.PDS, moved to PDS/IHESRCC
2025-04-08 19:10:10.028513 - Found alias IHESRCD to IHESRCA in CBT.V508.FILE1058.PDS, moved to PDS/IHESRCD
2025-04-08 19:10:10.028989 - Found alias IHESRCE to IHESRCA in CBT.V508.FILE1058.PDS, moved to PDS/IHESRCE
2025-04-08 19:10:10.029477 - Found alias IHESRCF to IHESRCA in CBT.V508.FILE1058.PDS, moved to PDS/IHESRCF
2025-04-08 19:10:10.030917 - Found IHESRDA.bin (application/octet-stream) in CBT.V508.FILE1058.PDS, moved to PDS/IHESRDA
2025-04-08 19:10:10.032667 - Found IHESRTA.bin (application/octet-stream) in CBT.V508.FILE1058.PDS, moved to PDS/IHESRTA
2025-04-08 19:10:10.033228 - Found alias IHESRTB to IHESRTA in CBT.V508.FILE1058.PDS, moved to PDS/IHESRTB
2025-04-08 19:10:10.033753 - Found alias IHESRTC to IHESRTA in CBT.V508.FILE1058.PDS, moved to PDS/IHESRTC
2025-04-08 19:10:10.034251 - Found alias IHESRTD to IHESRTA in CBT.V508.FILE1058.PDS, moved to PDS/IHESRTD
2025-04-08 19:10:10.035769 - Found IHESSF0.bin (application/octet-stream) in CBT.V508.FILE1058.PDS, moved to PDS/IHESSF0
2025-04-08 19:10:10.037270 - Found IHESSGC.bin (application/octet-stream) in CBT.V508.FILE1058.PDS, moved to PDS/IHESSGC
2025-04-08 19:10:10.037960 - Found alias IHESSGR to IHESSGC in CBT.V508.FILE1058.PDS, moved to PDS/IHESSGR
2025-04-08 19:10:10.039650 - Found IHESSHC.bin (application/octet-stream) in CBT.V508.FILE1058.PDS, moved to PDS/IHESSHC
2025-04-08 19:10:10.040222 - Found alias IHESSHR to IHESSHC in CBT.V508.FILE1058.PDS, moved to PDS/IHESSHR
2025-04-08 19:10:10.042043 - Found IHESSX0.bin (application/octet-stream) in CBT.V508.FILE1058.PDS, moved to PDS/IHESSX0
2025-04-08 19:10:10.043364 - Found IHESTAA.bin (application/octet-stream) in CBT.V508.FILE1058.PDS, moved to PDS/IHESTAA
2025-04-08 19:10:10.044801 - Found IHESTGA.bin (application/octet-stream) in CBT.V508.FILE1058.PDS, moved to PDS/IHESTGA
2025-04-08 19:10:10.045529 - Found alias IHESTGB to IHESTGA in CBT.V508.FILE1058.PDS, moved to PDS/IHESTGB
2025-04-08 19:10:10.047234 - Found IHESTPA.bin (application/octet-stream) in CBT.V508.FILE1058.PDS, moved to PDS/IHESTPA
2025-04-08 19:10:10.048887 - Found IHESTRA.bin (application/octet-stream) in CBT.V508.FILE1058.PDS, moved to PDS/IHESTRA
2025-04-08 19:10:10.049487 - Found alias IHESTRB to IHESTRA in CBT.V508.FILE1058.PDS, moved to PDS/IHESTRB
2025-04-08 19:10:10.050057 - Found alias IHESTRC to IHESTRA in CBT.V508.FILE1058.PDS, moved to PDS/IHESTRC
2025-04-08 19:10:10.051633 - Found IHESUBA.bin (application/octet-stream) in CBT.V508.FILE1058.PDS, moved to PDS/IHESUBA
2025-04-08 19:10:10.052977 - Found IHETABS.bin (application/octet-stream) in CBT.V508.FILE1058.PDS, moved to PDS/IHETABS
2025-04-08 19:10:10.054305 - Found IHETCVA.bin (application/octet-stream) in CBT.V508.FILE1058.PDS, moved to PDS/IHETCVA
2025-04-08 19:10:10.055039 - Found alias IHETCVB to IHETCVA in CBT.V508.FILE1058.PDS, moved to PDS/IHETCVB
2025-04-08 19:10:10.056483 - Found IHETEAA.bin (application/octet-stream) in CBT.V508.FILE1058.PDS, moved to PDS/IHETEAA
2025-04-08 19:10:10.057063 - Found alias IHETER to IHETERA in CBT.V508.FILE1058.PDS, moved to PDS/IHETER
2025-04-08 19:10:10.058669 - Found IHETERA.bin (application/octet-stream) in CBT.V508.FILE1058.PDS, moved to PDS/IHETERA
2025-04-08 19:10:10.059991 - Found IHETEVA.bin (application/octet-stream) in CBT.V508.FILE1058.PDS, moved to PDS/IHETEVA
2025-04-08 19:10:10.061593 - Found IHETEXA.bin (application/octet-stream) in CBT.V508.FILE1058.PDS, moved to PDS/IHETEXA
2025-04-08 19:10:10.062333 - Found alias IHETEXB to IHETEXA in CBT.V508.FILE1058.PDS, moved to PDS/IHETEXB
2025-04-08 19:10:10.062975 - Found alias IHETEXC to IHETEXA in CBT.V508.FILE1058.PDS, moved to PDS/IHETEXC
2025-04-08 19:10:10.064394 - Found IHETHL0.bin (application/octet-stream) in CBT.V508.FILE1058.PDS, moved to PDS/IHETHL0
2025-04-08 19:10:10.065687 - Found IHETHS0.bin (application/octet-stream) in CBT.V508.FILE1058.PDS, moved to PDS/IHETHS0
2025-04-08 19:10:10.067180 - Found IHETNLD.bin (application/octet-stream) in CBT.V508.FILE1058.PDS, moved to PDS/IHETNLD
2025-04-08 19:10:10.067736 - Found alias IHETNLR to IHETNLD in CBT.V508.FILE1058.PDS, moved to PDS/IHETNLR
2025-04-08 19:10:10.069318 - Found IHETNSD.bin (application/octet-stream) in CBT.V508.FILE1058.PDS, moved to PDS/IHETNSD
2025-04-08 19:10:10.070018 - Found alias IHETNSR to IHETNSD in CBT.V508.FILE1058.PDS, moved to PDS/IHETNSR
2025-04-08 19:10:10.071374 - Found IHETNWH.bin (application/octet-stream) in CBT.V508.FILE1058.PDS, moved to PDS/IHETNWH
2025-04-08 19:10:10.072035 - Found alias IHETNWN to IHETNWH in CBT.V508.FILE1058.PDS, moved to PDS/IHETNWN
2025-04-08 19:10:10.073545 - Found IHETNZH.bin (application/octet-stream) in CBT.V508.FILE1058.PDS, moved to PDS/IHETNZH
2025-04-08 19:10:10.074189 - Found alias IHETNZN to IHETNZH in CBT.V508.FILE1058.PDS, moved to PDS/IHETNZN
2025-04-08 19:10:10.075613 - Found IHETOMA.bin (application/octet-stream) in CBT.V508.FILE1058.PDS, moved to PDS/IHETOMA
2025-04-08 19:10:10.076321 - Found alias IHETOMB to IHETOMA in CBT.V508.FILE1058.PDS, moved to PDS/IHETOMB
2025-04-08 19:10:10.076977 - Found alias IHETOMC to IHETOMA in CBT.V508.FILE1058.PDS, moved to PDS/IHETOMC
2025-04-08 19:10:10.077469 - Found alias IHETOMD to IHETOMA in CBT.V508.FILE1058.PDS, moved to PDS/IHETOMD
2025-04-08 19:10:10.078006 - Found alias IHETOME to IHETOMA in CBT.V508.FILE1058.PDS, moved to PDS/IHETOME
2025-04-08 19:10:10.079265 - Found IHETPBA.bin (application/octet-stream) in CBT.V508.FILE1058.PDS, moved to PDS/IHETPBA
2025-04-08 19:10:10.080846 - Found IHETPRA.bin (application/octet-stream) in CBT.V508.FILE1058.PDS, moved to PDS/IHETPRA
2025-04-08 19:10:10.081507 - Found alias IHETSAA to IHETSAP in CBT.V508.FILE1058.PDS, moved to PDS/IHETSAA
2025-04-08 19:10:10.082135 - Found alias IHETSAD to IHETSAP in CBT.V508.FILE1058.PDS, moved to PDS/IHETSAD
2025-04-08 19:10:10.083718 - Found IHETSAP.bin (application/octet-stream) in CBT.V508.FILE1058.PDS, moved to PDS/IHETSAP
2025-04-08 19:10:10.085167 - Found IHETSEA.bin (application/octet-stream) in CBT.V508.FILE1058.PDS, moved to PDS/IHETSEA
2025-04-08 19:10:10.086450 - Found IHETSSA.bin (application/octet-stream) in CBT.V508.FILE1058.PDS, moved to PDS/IHETSSA
2025-04-08 19:10:10.087982 - Found IHETSWA.bin (application/octet-stream) in CBT.V508.FILE1058.PDS, moved to PDS/IHETSWA
2025-04-08 19:10:10.088522 - Found alias IHEUPA to IHEUPAA in CBT.V508.FILE1058.PDS, moved to PDS/IHEUPA
2025-04-08 19:10:10.089780 - Found IHEUPAA.bin (application/octet-stream) in CBT.V508.FILE1058.PDS, moved to PDS/IHEUPAA
2025-04-08 19:10:10.090344 - Found alias IHEUPAB to IHEUPAA in CBT.V508.FILE1058.PDS, moved to PDS/IHEUPAB
2025-04-08 19:10:10.091036 - Found alias IHEUPB to IHEUPBA in CBT.V508.FILE1058.PDS, moved to PDS/IHEUPB
2025-04-08 19:10:10.092450 - Found IHEUPBA.bin (application/octet-stream) in CBT.V508.FILE1058.PDS, moved to PDS/IHEUPBA
2025-04-08 19:10:10.093009 - Found alias IHEUPBB to IHEUPBA in CBT.V508.FILE1058.PDS, moved to PDS/IHEUPBB
2025-04-08 19:10:10.093536 - Found alias IHEVCA to IHEVCAA in CBT.V508.FILE1058.PDS, moved to PDS/IHEVCA
2025-04-08 19:10:10.095095 - Found IHEVCAA.bin (application/octet-stream) in CBT.V508.FILE1058.PDS, moved to PDS/IHEVCAA
2025-04-08 19:10:10.095638 - Found alias IHEVCS to IHEVCSA in CBT.V508.FILE1058.PDS, moved to PDS/IHEVCS
2025-04-08 19:10:10.097180 - Found IHEVCSA.bin (application/octet-stream) in CBT.V508.FILE1058.PDS, moved to PDS/IHEVCSA
2025-04-08 19:10:10.097732 - Found alias IHEVCSB to IHEVCSA in CBT.V508.FILE1058.PDS, moved to PDS/IHEVCSB
2025-04-08 19:10:10.098260 - Found alias IHEVFA to IHEVFAA in CBT.V508.FILE1058.PDS, moved to PDS/IHEVFA
2025-04-08 19:10:10.099558 - Found IHEVFAA.bin (application/octet-stream) in CBT.V508.FILE1058.PDS, moved to PDS/IHEVFAA
2025-04-08 19:10:10.100261 - Found alias IHEVFB to IHEVFBA in CBT.V508.FILE1058.PDS, moved to PDS/IHEVFB
2025-04-08 19:10:10.101698 - Found IHEVFBA.bin (application/octet-stream) in CBT.V508.FILE1058.PDS, moved to PDS/IHEVFBA
2025-04-08 19:10:10.102404 - Found alias IHEVFC to IHEVFCA in CBT.V508.FILE1058.PDS, moved to PDS/IHEVFC
2025-04-08 19:10:10.103956 - Found IHEVFCA.bin (application/octet-stream) in CBT.V508.FILE1058.PDS, moved to PDS/IHEVFCA
2025-04-08 19:10:10.104678 - Found alias IHEVFD to IHEVFDA in CBT.V508.FILE1058.PDS, moved to PDS/IHEVFD
2025-04-08 19:10:10.106084 - Found IHEVFDA.bin (application/octet-stream) in CBT.V508.FILE1058.PDS, moved to PDS/IHEVFDA
2025-04-08 19:10:10.106885 - Found alias IHEVFE to IHEVFEA in CBT.V508.FILE1058.PDS, moved to PDS/IHEVFE
2025-04-08 19:10:10.108227 - Found IHEVFEA.bin (application/octet-stream) in CBT.V508.FILE1058.PDS, moved to PDS/IHEVFEA
2025-04-08 19:10:10.108954 - Found alias IHEVKB to IHEVKBA in CBT.V508.FILE1058.PDS, moved to PDS/IHEVKB
2025-04-08 19:10:10.110391 - Found IHEVKBA.bin (application/octet-stream) in CBT.V508.FILE1058.PDS, moved to PDS/IHEVKBA
2025-04-08 19:10:10.111048 - Found alias IHEVKC to IHEVKCA in CBT.V508.FILE1058.PDS, moved to PDS/IHEVKC
2025-04-08 19:10:10.112631 - Found IHEVKCA.bin (application/octet-stream) in CBT.V508.FILE1058.PDS, moved to PDS/IHEVKCA
2025-04-08 19:10:10.113279 - Found alias IHEVKF to IHEVKFA in CBT.V508.FILE1058.PDS, moved to PDS/IHEVKF
2025-04-08 19:10:10.114792 - Found IHEVKFA.bin (application/octet-stream) in CBT.V508.FILE1058.PDS, moved to PDS/IHEVKFA
2025-04-08 19:10:10.115349 - Found alias IHEVKG to IHEVKGA in CBT.V508.FILE1058.PDS, moved to PDS/IHEVKG
2025-04-08 19:10:10.117032 - Found IHEVKGA.bin (application/octet-stream) in CBT.V508.FILE1058.PDS, moved to PDS/IHEVKGA
2025-04-08 19:10:10.117734 - Found alias IHEVPA to IHEVPAA in CBT.V508.FILE1058.PDS, moved to PDS/IHEVPA
2025-04-08 19:10:10.119242 - Found IHEVPAA.bin (application/octet-stream) in CBT.V508.FILE1058.PDS, moved to PDS/IHEVPAA
2025-04-08 19:10:10.119811 - Found alias IHEVPB to IHEVPBA in CBT.V508.FILE1058.PDS, moved to PDS/IHEVPB
2025-04-08 19:10:10.121355 - Found IHEVPBA.bin (application/octet-stream) in CBT.V508.FILE1058.PDS, moved to PDS/IHEVPBA
2025-04-08 19:10:10.122057 - Found alias IHEVPC to IHEVPCA in CBT.V508.FILE1058.PDS, moved to PDS/IHEVPC
2025-04-08 19:10:10.123446 - Found IHEVPCA.bin (application/octet-stream) in CBT.V508.FILE1058.PDS, moved to PDS/IHEVPCA
2025-04-08 19:10:10.124012 - Found alias IHEVPD to IHEVPDA in CBT.V508.FILE1058.PDS, moved to PDS/IHEVPD
2025-04-08 19:10:10.125544 - Found IHEVPDA.bin (application/octet-stream) in CBT.V508.FILE1058.PDS, moved to PDS/IHEVPDA
2025-04-08 19:10:10.126258 - Found alias IHEVPE to IHEVPEA in CBT.V508.FILE1058.PDS, moved to PDS/IHEVPE
2025-04-08 19:10:10.127686 - Found IHEVPEA.bin (application/octet-stream) in CBT.V508.FILE1058.PDS, moved to PDS/IHEVPEA
2025-04-08 19:10:10.128241 - Found alias IHEVPF to IHEVPFA in CBT.V508.FILE1058.PDS, moved to PDS/IHEVPF
2025-04-08 19:10:10.129566 - Found IHEVPFA.bin (application/octet-stream) in CBT.V508.FILE1058.PDS, moved to PDS/IHEVPFA
2025-04-08 19:10:10.130230 - Found alias IHEVPG to IHEVPGA in CBT.V508.FILE1058.PDS, moved to PDS/IHEVPG
2025-04-08 19:10:10.131691 - Found IHEVPGA.bin (application/octet-stream) in CBT.V508.FILE1058.PDS, moved to PDS/IHEVPGA
2025-04-08 19:10:10.132236 - Found alias IHEVPH to IHEVPHA in CBT.V508.FILE1058.PDS, moved to PDS/IHEVPH
2025-04-08 19:10:10.133545 - Found IHEVPHA.bin (application/octet-stream) in CBT.V508.FILE1058.PDS, moved to PDS/IHEVPHA
2025-04-08 19:10:10.134929 - Found IHEVQAA.bin (application/octet-stream) in CBT.V508.FILE1058.PDS, moved to PDS/IHEVQAA
2025-04-08 19:10:10.135648 - Found alias IHEVQB to IHEVQBA in CBT.V508.FILE1058.PDS, moved to PDS/IHEVQB
2025-04-08 19:10:10.137042 - Found IHEVQBA.bin (application/octet-stream) in CBT.V508.FILE1058.PDS, moved to PDS/IHEVQBA
2025-04-08 19:10:10.137605 - Found alias IHEVQC to IHEVQCA in CBT.V508.FILE1058.PDS, moved to PDS/IHEVQC
2025-04-08 19:10:10.139096 - Found IHEVQCA.bin (application/octet-stream) in CBT.V508.FILE1058.PDS, moved to PDS/IHEVQCA
2025-04-08 19:10:10.139912 - Found alias IHEVSA to IHEVSAA in CBT.V508.FILE1058.PDS, moved to PDS/IHEVSA
2025-04-08 19:10:10.141241 - Found IHEVSAA.bin (application/octet-stream) in CBT.V508.FILE1058.PDS, moved to PDS/IHEVSAA
2025-04-08 19:10:10.141888 - Found alias IHEVSB to IHEVSBA in CBT.V508.FILE1058.PDS, moved to PDS/IHEVSB
2025-04-08 19:10:10.143173 - Found IHEVSBA.bin (application/octet-stream) in CBT.V508.FILE1058.PDS, moved to PDS/IHEVSBA
2025-04-08 19:10:10.143884 - Found alias IHEVSC to IHEVSCA in CBT.V508.FILE1058.PDS, moved to PDS/IHEVSC
2025-04-08 19:10:10.145327 - Found IHEVSCA.bin (application/octet-stream) in CBT.V508.FILE1058.PDS, moved to PDS/IHEVSCA
2025-04-08 19:10:10.145979 - Found alias IHEVSD to IHEVSDA in CBT.V508.FILE1058.PDS, moved to PDS/IHEVSD
2025-04-08 19:10:10.147381 - Found IHEVSDA.bin (application/octet-stream) in CBT.V508.FILE1058.PDS, moved to PDS/IHEVSDA
2025-04-08 19:10:10.148066 - Found alias IHEVSDB to IHEVSDA in CBT.V508.FILE1058.PDS, moved to PDS/IHEVSDB
2025-04-08 19:10:10.148594 - Found alias IHEVSE to IHEVSEA in CBT.V508.FILE1058.PDS, moved to PDS/IHEVSE
2025-04-08 19:10:10.150064 - Found IHEVSEA.bin (application/octet-stream) in CBT.V508.FILE1058.PDS, moved to PDS/IHEVSEA
2025-04-08 19:10:10.150780 - Found alias IHEVSEB to IHEVSEA in CBT.V508.FILE1058.PDS, moved to PDS/IHEVSEB
2025-04-08 19:10:10.151492 - Found alias IHEVSF to IHEVSFA in CBT.V508.FILE1058.PDS, moved to PDS/IHEVSF
2025-04-08 19:10:10.152896 - Found IHEVSFA.bin (application/octet-stream) in CBT.V508.FILE1058.PDS, moved to PDS/IHEVSFA
2025-04-08 19:10:10.154472 - Found IHEVTBA.bin (application/octet-stream) in CBT.V508.FILE1058.PDS, moved to PDS/IHEVTBA
2025-04-08 19:10:10.155731 - Found IHEXIB0.bin (application/octet-stream) in CBT.V508.FILE1058.PDS, moved to PDS/IHEXIB0
2025-04-08 19:10:10.157027 - Found IHEXID0.bin (application/octet-stream) in CBT.V508.FILE1058.PDS, moved to PDS/IHEXID0
2025-04-08 19:10:10.158700 - Found IHEXIL0.bin (application/octet-stream) in CBT.V508.FILE1058.PDS, moved to PDS/IHEXIL0
2025-04-08 19:10:10.160153 - Found IHEXIS0.bin (application/octet-stream) in CBT.V508.FILE1058.PDS, moved to PDS/IHEXIS0
2025-04-08 19:10:10.161431 - Found IHEXIU0.bin (application/octet-stream) in CBT.V508.FILE1058.PDS, moved to PDS/IHEXIU0
2025-04-08 19:10:10.162787 - Found IHEXIV0.bin (application/octet-stream) in CBT.V508.FILE1058.PDS, moved to PDS/IHEXIV0
2025-04-08 19:10:10.164151 - Found IHEXIW0.bin (application/octet-stream) in CBT.V508.FILE1058.PDS, moved to PDS/IHEXIW0
2025-04-08 19:10:10.165439 - Found IHEXIZ0.bin (application/octet-stream) in CBT.V508.FILE1058.PDS, moved to PDS/IHEXIZ0
2025-04-08 19:10:10.166794 - Found IHEXXL0.bin (application/octet-stream) in CBT.V508.FILE1058.PDS, moved to PDS/IHEXXL0
2025-04-08 19:10:10.168266 - Found IHEXXS0.bin (application/octet-stream) in CBT.V508.FILE1058.PDS, moved to PDS/IHEXXS0
2025-04-08 19:10:10.169641 - Found IHEXXW0.bin (application/octet-stream) in CBT.V508.FILE1058.PDS, moved to PDS/IHEXXW0
2025-04-08 19:10:10.171242 - Found IHEXXZ0.bin (application/octet-stream) in CBT.V508.FILE1058.PDS, moved to PDS/IHEXXZ0
2025-04-08 19:10:10.171906 - Found alias IHEYGFS to IHEYGFV in CBT.V508.FILE1058.PDS, moved to PDS/IHEYGFS
2025-04-08 19:10:10.173400 - Found IHEYGFV.bin (application/octet-stream) in CBT.V508.FILE1058.PDS, moved to PDS/IHEYGFV
2025-04-08 19:10:10.173998 - Found alias IHEYGLS to IHEYGLV in CBT.V508.FILE1058.PDS, moved to PDS/IHEYGLS
2025-04-08 19:10:10.175553 - Found IHEYGLV.bin (application/octet-stream) in CBT.V508.FILE1058.PDS, moved to PDS/IHEYGLV
2025-04-08 19:10:10.176296 - Found alias IHEYGSS to IHEYGSV in CBT.V508.FILE1058.PDS, moved to PDS/IHEYGSS
2025-04-08 19:10:10.177631 - Found IHEYGSV.bin (application/octet-stream) in CBT.V508.FILE1058.PDS, moved to PDS/IHEYGSV
2025-04-08 19:10:10.178354 - Found alias IHEYGWS to IHEYGWV in CBT.V508.FILE1058.PDS, moved to PDS/IHEYGWS
2025-04-08 19:10:10.179745 - Found IHEYGWV.bin (application/octet-stream) in CBT.V508.FILE1058.PDS, moved to PDS/IHEYGWV
2025-04-08 19:10:10.180399 - Found alias IHEYGXS to IHEYGXV in CBT.V508.FILE1058.PDS, moved to PDS/IHEYGXS
2025-04-08 19:10:10.182120 - Found IHEYGXV.bin (application/octet-stream) in CBT.V508.FILE1058.PDS, moved to PDS/IHEYGXV
2025-04-08 19:10:10.182719 - Found alias IHEYGZS to IHEYGZV in CBT.V508.FILE1058.PDS, moved to PDS/IHEYGZS
2025-04-08 19:10:10.184040 - Found IHEYGZV.bin (application/octet-stream) in CBT.V508.FILE1058.PDS, moved to PDS/IHEYGZV
2025-04-08 19:10:10.185644 - Found IHEZZAA.bin (application/octet-stream) in CBT.V508.FILE1058.PDS, moved to PDS/IHEZZAA
2025-04-08 19:10:10.187099 - Found IHEZZBA.bin (application/octet-stream) in CBT.V508.FILE1058.PDS, moved to PDS/IHEZZBA
2025-04-08 19:10:10.188735 - Found IHEZZCA.bin (application/octet-stream) in CBT.V508.FILE1058.PDS, moved to PDS/IHEZZCA
2025-04-08 19:10:10.190204 - Found IHEZZFA.bin (application/octet-stream) in CBT.V508.FILE1058.PDS, moved to PDS/IHEZZFA
2025-04-08 19:10:10.191794 - Found IHGUADEL.bin (application/octet-stream) in CBT.V508.FILE1058.PDS, moved to PDS/IHGUADEL
2025-04-08 19:10:10.193372 - Found IHGUAP.bin (application/octet-stream) in CBT.V508.FILE1058.PDS, moved to PDS/IHGUAP
2025-04-08 19:10:10.194745 - Found IHLGTF.bin (application/octet-stream) in CBT.V508.FILE1058.PDS, moved to PDS/IHLGTF
2025-04-08 19:10:10.196335 - Found IHLGTF1.bin (application/octet-stream) in CBT.V508.FILE1058.PDS, moved to PDS/IHLGTF1
2025-04-08 19:10:10.197943 - Found IHLINT2.bin (application/octet-stream) in CBT.V508.FILE1058.PDS, moved to PDS/IHLINT2
2025-04-08 19:10:10.199357 - Found IHLINT3.bin (application/octet-stream) in CBT.V508.FILE1058.PDS, moved to PDS/IHLINT3
2025-04-08 19:10:10.200907 - Found IHLINT4.bin (application/octet-stream) in CBT.V508.FILE1058.PDS, moved to PDS/IHLINT4
2025-04-08 19:10:10.202187 - Found IHLRMON.bin (application/octet-stream) in CBT.V508.FILE1058.PDS, moved to PDS/IHLRMON
2025-04-08 19:10:10.203532 - Found IHLROUT.bin (application/octet-stream) in CBT.V508.FILE1058.PDS, moved to PDS/IHLROUT
2025-04-08 19:10:10.205025 - Found IHLSCAN.bin (application/octet-stream) in CBT.V508.FILE1058.PDS, moved to PDS/IHLSCAN
2025-04-08 19:10:10.206609 - Found IHLTAIR.bin (application/octet-stream) in CBT.V508.FILE1058.PDS, moved to PDS/IHLTAIR
2025-04-08 19:10:10.208288 - Found IHLTAR2.bin (application/octet-stream) in CBT.V508.FILE1058.PDS, moved to PDS/IHLTAR2
2025-04-08 19:10:10.209839 - Found IHLTAR3.bin (application/octet-stream) in CBT.V508.FILE1058.PDS, moved to PDS/IHLTAR3
2025-04-08 19:10:10.211333 - Found IHLTAR4.bin (application/octet-stream) in CBT.V508.FILE1058.PDS, moved to PDS/IHLTAR4
2025-04-08 19:10:10.212643 - Found IHLTAR5.bin (application/octet-stream) in CBT.V508.FILE1058.PDS, moved to PDS/IHLTAR5
2025-04-08 19:10:10.214119 - Found IHLTAR6.bin (application/octet-stream) in CBT.V508.FILE1058.PDS, moved to PDS/IHLTAR6
2025-04-08 19:10:10.215736 - Found IHLTCTL.bin (application/octet-stream) in CBT.V508.FILE1058.PDS, moved to PDS/IHLTCTL
2025-04-08 19:10:10.217230 - Found IHLTDCB.bin (application/octet-stream) in CBT.V508.FILE1058.PDS, moved to PDS/IHLTDCB
2025-04-08 19:10:10.218803 - Found IHLTERM.bin (application/octet-stream) in CBT.V508.FILE1058.PDS, moved to PDS/IHLTERM
2025-04-08 19:10:10.220266 - Found IHLTFIL.bin (application/octet-stream) in CBT.V508.FILE1058.PDS, moved to PDS/IHLTFIL
2025-04-08 19:10:10.221844 - Found IHLTMG1.bin (application/octet-stream) in CBT.V508.FILE1058.PDS, moved to PDS/IHLTMG1
2025-04-08 19:10:10.223339 - Found IHLTPED.bin (application/octet-stream) in CBT.V508.FILE1058.PDS, moved to PDS/IHLTPED
2025-04-08 19:10:10.224679 - Found IHLTPMT.bin (application/octet-stream) in CBT.V508.FILE1058.PDS, moved to PDS/IHLTPMT
2025-04-08 19:10:10.226153 - Found IHLTSCN.bin (application/octet-stream) in CBT.V508.FILE1058.PDS, moved to PDS/IHLTSCN
2025-04-08 19:10:10.227506 - Found IHLTSIO.bin (application/octet-stream) in CBT.V508.FILE1058.PDS, moved to PDS/IHLTSIO
2025-04-08 19:10:10.228982 - Found IHLTSVC.bin (application/octet-stream) in CBT.V508.FILE1058.PDS, moved to PDS/IHLTSVC
2025-04-08 19:10:10.230610 - Found IHLTSYSV.bin (application/octet-stream) in CBT.V508.FILE1058.PDS, moved to PDS/IHLTSYSV
2025-04-08 19:10:10.232092 - Found IHLTTAB.bin (application/octet-stream) in CBT.V508.FILE1058.PDS, moved to PDS/IHLTTAB
2025-04-08 19:10:10.233619 - Found IHLTUSR.bin (application/octet-stream) in CBT.V508.FILE1058.PDS, moved to PDS/IHLTUSR
2025-04-08 19:10:10.235196 - Found IHLT103.bin (application/octet-stream) in CBT.V508.FILE1058.PDS, moved to PDS/IHLT103
2025-04-08 19:10:10.236665 - Found IHLWRAP.bin (application/octet-stream) in CBT.V508.FILE1058.PDS, moved to PDS/IHLWRAP
